[2023-07-11 10:43:45] [INFO] [Base_Page.py]/[line: 26]/[__init__] 当前页面的driver对象:None 
[2023-07-11 10:43:46] [INFO] [Base_Page.py]/[line: 47]/[__init__] 正在下载webdriver驱动,当前浏览器版本为：114.0.5735 
[2023-07-11 10:43:50] [INFO] [Base_Page.py]/[line: 59]/[__init__] 当前隐式等待10s 
[2023-07-11 10:43:50] [INFO] [Base_Page.py]/[line: 62]/[__init__] 当前窗口最大化 
[2023-07-11 10:44:05] [INFO] [Base_Page.py]/[line: 26]/[__init__] 当前页面的driver对象:None 
[2023-07-11 10:44:05] [INFO] [Base_Page.py]/[line: 47]/[__init__] 正在下载webdriver驱动,当前浏览器版本为：114.0.5735 
[2023-07-11 10:44:08] [INFO] [Base_Page.py]/[line: 59]/[__init__] 当前隐式等待10s 
[2023-07-11 10:44:08] [INFO] [Base_Page.py]/[line: 62]/[__init__] 当前窗口最大化 
[2023-07-11 10:45:07] [INFO] [Base_Page.py]/[line: 26]/[__init__] 当前页面的driver对象:None 
[2023-07-11 10:45:07] [INFO] [Base_Page.py]/[line: 47]/[__init__] 正在下载webdriver驱动,当前浏览器版本为：114.0.5735 
[2023-07-11 10:45:10] [INFO] [Base_Page.py]/[line: 59]/[__init__] 当前隐式等待10s 
[2023-07-11 10:45:10] [INFO] [Base_Page.py]/[line: 62]/[__init__] 当前窗口最大化 
[2023-07-11 10:46:05] [INFO] [Base_Page.py]/[line: 26]/[__init__] 当前页面的driver对象:None 
[2023-07-11 10:46:05] [INFO] [Base_Page.py]/[line: 47]/[__init__] 正在下载webdriver驱动,当前浏览器版本为：114.0.5735 
[2023-07-11 10:46:08] [INFO] [Base_Page.py]/[line: 59]/[__init__] 当前隐式等待10s 
[2023-07-11 10:46:08] [INFO] [Base_Page.py]/[line: 62]/[__init__] 当前窗口最大化 
[2023-07-11 10:48:42] [INFO] [Base_Page.py]/[line: 26]/[__init__] 当前页面的driver对象:None 
[2023-07-11 10:48:43] [INFO] [Base_Page.py]/[line: 47]/[__init__] 正在下载webdriver驱动,当前浏览器版本为：114.0.5735 
[2023-07-11 10:48:45] [INFO] [Base_Page.py]/[line: 59]/[__init__] 当前隐式等待10s 
[2023-07-11 10:48:45] [INFO] [Base_Page.py]/[line: 62]/[__init__] 当前窗口最大化 
[2023-07-11 10:55:44] [INFO] [Base_Page.py]/[line: 26]/[__init__] 当前页面的driver对象:None 
[2023-07-11 10:55:45] [INFO] [Base_Page.py]/[line: 47]/[__init__] 正在下载webdriver驱动,当前浏览器版本为：114.0.5735 
[2023-07-11 10:55:48] [INFO] [Base_Page.py]/[line: 59]/[__init__] 当前隐式等待10s 
[2023-07-11 10:55:48] [INFO] [Base_Page.py]/[line: 62]/[__init__] 当前窗口最大化 
[2023-07-11 11:05:25] [INFO] [Base_Page.py]/[line: 26]/[__init__] 当前页面的driver对象:None 
[2023-07-11 11:05:26] [INFO] [Base_Page.py]/[line: 47]/[__init__] 正在下载webdriver驱动,当前浏览器版本为：114.0.5735 
[2023-07-11 11:05:28] [INFO] [Base_Page.py]/[line: 59]/[__init__] 当前隐式等待10s 
[2023-07-11 11:05:29] [INFO] [Base_Page.py]/[line: 62]/[__init__] 当前窗口最大化 
[2023-07-11 11:05:41] [INFO] [Base_Page.py]/[line: 26]/[__init__] 当前页面的driver对象:None 
[2023-07-11 11:05:41] [INFO] [Base_Page.py]/[line: 47]/[__init__] 正在下载webdriver驱动,当前浏览器版本为：114.0.5735 
[2023-07-11 11:05:49] [INFO] [Base_Page.py]/[line: 59]/[__init__] 当前隐式等待10s 
[2023-07-11 11:05:49] [INFO] [Base_Page.py]/[line: 62]/[__init__] 当前窗口最大化 
[2023-07-11 11:08:46] [INFO] [Base_Page.py]/[line: 26]/[__init__] 当前页面的driver对象:None 
[2023-07-11 11:08:47] [INFO] [Base_Page.py]/[line: 47]/[__init__] 正在下载webdriver驱动,当前浏览器版本为：114.0.5735 
[2023-07-11 11:08:49] [INFO] [Base_Page.py]/[line: 59]/[__init__] 当前隐式等待10s 
[2023-07-11 11:08:49] [INFO] [Base_Page.py]/[line: 62]/[__init__] 当前窗口最大化 
[2023-07-11 11:09:21] [INFO] [Base_Page.py]/[line: 26]/[__init__] 当前页面的driver对象:None 
[2023-07-11 11:09:22] [INFO] [Base_Page.py]/[line: 47]/[__init__] 正在下载webdriver驱动,当前浏览器版本为：114.0.5735 
[2023-07-11 11:09:24] [INFO] [Base_Page.py]/[line: 59]/[__init__] 当前隐式等待10s 
[2023-07-11 11:09:24] [INFO] [Base_Page.py]/[line: 62]/[__init__] 当前窗口最大化 
[2023-07-11 11:10:22] [INFO] [Base_Page.py]/[line: 26]/[__init__] 当前页面的driver对象:None 
[2023-07-11 11:10:23] [INFO] [Base_Page.py]/[line: 47]/[__init__] 正在下载webdriver驱动,当前浏览器版本为：114.0.5735 
[2023-07-11 11:10:26] [INFO] [Base_Page.py]/[line: 59]/[__init__] 当前隐式等待10s 
[2023-07-11 11:10:26] [INFO] [Base_Page.py]/[line: 62]/[__init__] 当前窗口最大化 
[2023-07-11 11:10:37] [ERROR] [Base_Page.py]/[line: 86]/[find_ele] 当前元素为找到xpath,//*[@id="su1"] 
[2023-07-11 11:11:00] [INFO] [Base_Page.py]/[line: 26]/[__init__] 当前页面的driver对象:None 
[2023-07-11 11:11:01] [INFO] [Base_Page.py]/[line: 47]/[__init__] 正在下载webdriver驱动,当前浏览器版本为：114.0.5735 
[2023-07-11 11:11:03] [INFO] [Base_Page.py]/[line: 59]/[__init__] 当前隐式等待10s 
[2023-07-11 11:11:03] [INFO] [Base_Page.py]/[line: 62]/[__init__] 当前窗口最大化 
[2023-07-11 11:11:14] [ERROR] [Base_Page.py]/[line: 86]/[find_ele] 当前元素为找到xpath,//*[@id="su1"] 
[2023-07-11 11:12:44] [INFO] [Base_Page.py]/[line: 26]/[__init__] 当前页面的driver对象:None 
[2023-07-11 11:12:45] [INFO] [Base_Page.py]/[line: 47]/[__init__] 正在下载webdriver驱动,当前浏览器版本为：114.0.5735 
[2023-07-11 11:12:48] [INFO] [Base_Page.py]/[line: 59]/[__init__] 当前隐式等待10s 
[2023-07-11 11:12:48] [INFO] [Base_Page.py]/[line: 62]/[__init__] 当前窗口最大化 
[2023-07-11 11:12:59] [ERROR] [Base_Page.py]/[line: 86]/[find_ele] 当前元素未找到，定位方式为xpath,元素为://*[@id="su1"] 
[2023-07-11 11:15:29] [INFO] [Base_Page.py]/[line: 26]/[__init__] 当前页面的driver对象:None 
[2023-07-11 11:15:29] [INFO] [Base_Page.py]/[line: 47]/[__init__] 正在下载webdriver驱动,当前浏览器版本为：114.0.5735 
[2023-07-11 11:15:32] [INFO] [Base_Page.py]/[line: 59]/[__init__] 当前隐式等待10s 
[2023-07-11 11:15:32] [INFO] [Base_Page.py]/[line: 62]/[__init__] 当前窗口最大化 
[2023-07-11 11:15:43] [ERROR] [Base_Page.py]/[line: 87]/[find_ele] 当前元素未找到，定位方式为xpath,元素为://*[@id="su1"] 
[2023-07-11 11:23:18] [INFO] [Base_Page.py]/[line: 26]/[__init__] 当前页面的driver对象:None 
[2023-07-11 11:23:19] [INFO] [Base_Page.py]/[line: 47]/[__init__] 正在下载webdriver驱动,当前浏览器版本为：114.0.5735 
[2023-07-11 11:23:21] [INFO] [Base_Page.py]/[line: 59]/[__init__] 当前隐式等待10s 
[2023-07-11 11:23:21] [INFO] [Base_Page.py]/[line: 62]/[__init__] 当前窗口最大化 
[2023-07-11 11:23:32] [ERROR] [Base_Page.py]/[line: 87]/[find_ele] 当前元素未找到，定位方式为xpath,元素为://*[@id="su1"] 
[2023-07-11 11:24:37] [INFO] [Base_Page.py]/[line: 26]/[__init__] 当前页面的driver对象:None 
[2023-07-11 11:24:38] [INFO] [Base_Page.py]/[line: 47]/[__init__] 正在下载webdriver驱动,当前浏览器版本为：114.0.5735 
[2023-07-11 11:24:41] [INFO] [Base_Page.py]/[line: 59]/[__init__] 当前隐式等待10s 
[2023-07-11 11:24:41] [INFO] [Base_Page.py]/[line: 62]/[__init__] 当前窗口最大化 
[2023-07-11 11:24:52] [ERROR] [Base_Page.py]/[line: 87]/[find_ele] 当前元素未找到，定位方式为xpath,元素为://*[@id="su1"] 
[2023-07-11 11:25:28] [INFO] [Base_Page.py]/[line: 26]/[__init__] 当前页面的driver对象:None 
[2023-07-11 11:25:29] [INFO] [Base_Page.py]/[line: 47]/[__init__] 正在下载webdriver驱动,当前浏览器版本为：114.0.5735 
[2023-07-11 11:25:32] [INFO] [Base_Page.py]/[line: 59]/[__init__] 当前隐式等待10s 
[2023-07-11 11:25:32] [INFO] [Base_Page.py]/[line: 62]/[__init__] 当前窗口最大化 
[2023-07-11 11:25:43] [ERROR] [Base_Page.py]/[line: 87]/[find_ele] 当前元素未找到，定位方式为xpath,元素为://*[@id="su1"] 
[2023-07-11 11:26:00] [INFO] [Base_Page.py]/[line: 26]/[__init__] 当前页面的driver对象:None 
[2023-07-11 11:26:01] [INFO] [Base_Page.py]/[line: 47]/[__init__] 正在下载webdriver驱动,当前浏览器版本为：114.0.5735 
[2023-07-11 11:26:04] [INFO] [Base_Page.py]/[line: 59]/[__init__] 当前隐式等待10s 
[2023-07-11 11:26:04] [INFO] [Base_Page.py]/[line: 62]/[__init__] 当前窗口最大化 
[2023-07-11 11:26:15] [ERROR] [Base_Page.py]/[line: 87]/[find_ele] 当前元素未找到，定位方式为xpath,元素为://*[@id="su1"] 
[2023-07-11 11:28:27] [INFO] [Base_Page.py]/[line: 26]/[__init__] 当前页面的driver对象:None 
[2023-07-11 11:28:28] [INFO] [Base_Page.py]/[line: 47]/[__init__] 正在下载webdriver驱动,当前浏览器版本为：114.0.5735 
[2023-07-11 11:28:31] [INFO] [Base_Page.py]/[line: 59]/[__init__] 当前隐式等待10s 
[2023-07-11 11:28:31] [INFO] [Base_Page.py]/[line: 62]/[__init__] 当前窗口最大化 
[2023-07-11 11:28:42] [ERROR] [Base_Page.py]/[line: 87]/[find_ele] 当前元素未找到，定位方式为xpath,元素为://*[@id="su1"] 
[2023-07-11 11:30:12] [INFO] [Base_Page.py]/[line: 26]/[__init__] 当前页面的driver对象:None 
[2023-07-11 11:30:12] [INFO] [Base_Page.py]/[line: 47]/[__init__] 正在下载webdriver驱动,当前浏览器版本为：114.0.5735 
[2023-07-11 11:30:15] [INFO] [Base_Page.py]/[line: 59]/[__init__] 当前隐式等待10s 
[2023-07-11 11:30:15] [INFO] [Base_Page.py]/[line: 62]/[__init__] 当前窗口最大化 
[2023-07-11 11:30:26] [ERROR] [Base_Page.py]/[line: 88]/[find_ele] 当前元素未找到，定位方式为xpath,元素为://*[@id="su1"] 
[2023-07-11 11:30:56] [INFO] [Base_Page.py]/[line: 26]/[__init__] 当前页面的driver对象:None 
[2023-07-11 11:30:57] [INFO] [Base_Page.py]/[line: 47]/[__init__] 正在下载webdriver驱动,当前浏览器版本为：114.0.5735 
[2023-07-11 11:30:59] [INFO] [Base_Page.py]/[line: 59]/[__init__] 当前隐式等待10s 
[2023-07-11 11:31:00] [INFO] [Base_Page.py]/[line: 62]/[__init__] 当前窗口最大化 
[2023-07-11 11:31:11] [ERROR] [Base_Page.py]/[line: 88]/[find_ele] 当前元素未找到，定位方式为xpath,元素为://*[@id="su1"] 
[2023-07-11 11:35:31] [INFO] [Base_Page.py]/[line: 26]/[__init__] 当前页面的driver对象:None 
[2023-07-11 11:35:32] [INFO] [Base_Page.py]/[line: 47]/[__init__] 正在下载webdriver驱动,当前浏览器版本为：114.0.5735 
[2023-07-11 11:35:34] [INFO] [Base_Page.py]/[line: 59]/[__init__] 当前隐式等待10s 
[2023-07-11 11:35:34] [INFO] [Base_Page.py]/[line: 62]/[__init__] 当前窗口最大化 
[2023-07-11 11:35:45] [ERROR] [Base_Page.py]/[line: 88]/[find_ele] 当前元素未找到，定位方式为xpath,元素为://*[@id="su1"] 
[2023-07-11 11:36:28] [INFO] [Base_Page.py]/[line: 26]/[__init__] 当前页面的driver对象:None 
[2023-07-11 11:36:29] [INFO] [Base_Page.py]/[line: 47]/[__init__] 正在下载webdriver驱动,当前浏览器版本为：114.0.5735 
[2023-07-11 11:36:31] [INFO] [Base_Page.py]/[line: 59]/[__init__] 当前隐式等待10s 
[2023-07-11 11:36:31] [INFO] [Base_Page.py]/[line: 62]/[__init__] 当前窗口最大化 
[2023-07-11 11:36:42] [ERROR] [Base_Page.py]/[line: 88]/[find_ele] 当前元素未找到，定位方式为xpath,元素为://*[@id="su1"] 
[2023-07-11 11:37:04] [INFO] [Base_Page.py]/[line: 26]/[__init__] 当前页面的driver对象:None 
[2023-07-11 11:37:04] [INFO] [Base_Page.py]/[line: 47]/[__init__] 正在下载webdriver驱动,当前浏览器版本为：114.0.5735 
[2023-07-11 11:37:07] [INFO] [Base_Page.py]/[line: 59]/[__init__] 当前隐式等待10s 
[2023-07-11 11:37:07] [INFO] [Base_Page.py]/[line: 62]/[__init__] 当前窗口最大化 
[2023-07-11 11:37:18] [ERROR] [Base_Page.py]/[line: 88]/[find_ele] 当前元素未找到，定位方式为xpath,元素为://*[@id="su1"] 
[2023-07-11 11:38:34] [INFO] [Base_Page.py]/[line: 26]/[__init__] 当前页面的driver对象:None 
[2023-07-11 11:38:35] [INFO] [Base_Page.py]/[line: 47]/[__init__] 正在下载webdriver驱动,当前浏览器版本为：114.0.5735 
[2023-07-11 11:38:38] [INFO] [Base_Page.py]/[line: 59]/[__init__] 当前隐式等待10s 
[2023-07-11 11:38:38] [INFO] [Base_Page.py]/[line: 62]/[__init__] 当前窗口最大化 
[2023-07-11 11:39:19] [INFO] [Base_Page.py]/[line: 26]/[__init__] 当前页面的driver对象:None 
[2023-07-11 11:39:19] [INFO] [Base_Page.py]/[line: 47]/[__init__] 正在下载webdriver驱动,当前浏览器版本为：114.0.5735 
[2023-07-11 11:39:22] [INFO] [Base_Page.py]/[line: 59]/[__init__] 当前隐式等待10s 
[2023-07-11 11:39:22] [INFO] [Base_Page.py]/[line: 62]/[__init__] 当前窗口最大化 
[2023-07-11 11:39:33] [ERROR] [Base_Page.py]/[line: 85]/[find_ele] 当前元素未找到，定位方式为xpath,元素为://*[@id="su1"] 
[2023-07-11 11:42:41] [INFO] [Base_Page.py]/[line: 26]/[__init__] 当前页面的driver对象:None 
[2023-07-11 11:42:41] [INFO] [Base_Page.py]/[line: 47]/[__init__] 正在下载webdriver驱动,当前浏览器版本为：114.0.5735 
[2023-07-11 11:42:44] [INFO] [Base_Page.py]/[line: 59]/[__init__] 当前隐式等待10s 
[2023-07-11 11:42:44] [INFO] [Base_Page.py]/[line: 62]/[__init__] 当前窗口最大化 
[2023-07-11 11:42:55] [ERROR] [Base_Page.py]/[line: 85]/[find_ele] 当前元素未找到，定位方式为xpath,元素为://*[@id="su1"] 
[2023-07-11 11:43:57] [INFO] [Base_Page.py]/[line: 26]/[__init__] 当前页面的driver对象:None 
[2023-07-11 11:43:58] [INFO] [Base_Page.py]/[line: 47]/[__init__] 正在下载webdriver驱动,当前浏览器版本为：114.0.5735 
[2023-07-11 11:44:00] [INFO] [Base_Page.py]/[line: 59]/[__init__] 当前隐式等待10s 
[2023-07-11 11:44:00] [INFO] [Base_Page.py]/[line: 62]/[__init__] 当前窗口最大化 
[2023-07-11 11:44:11] [ERROR] [Base_Page.py]/[line: 85]/[find_ele] 当前元素未找到，定位方式为xpath,元素为://*[@id="su1"] 
[2023-07-11 14:14:19] [INFO] [Base_Page.py]/[line: 26]/[__init__] 当前页面的driver对象:None 
[2023-07-11 14:14:20] [INFO] [Base_Page.py]/[line: 47]/[__init__] 正在下载webdriver驱动,当前浏览器版本为：114.0.5735 
[2023-07-11 14:14:22] [INFO] [Base_Page.py]/[line: 59]/[__init__] 当前隐式等待10s 
[2023-07-11 14:14:22] [INFO] [Base_Page.py]/[line: 62]/[__init__] 当前窗口最大化 
[2023-07-11 14:14:33] [ERROR] [Base_Page.py]/[line: 85]/[find_ele] 当前元素未找到，定位方式为xpath,元素为://*[@id="su1"] 
[2023-07-11 14:14:44] [ERROR] [Base_Page.py]/[line: 85]/[find_ele] 当前元素未找到，定位方式为xpath,元素为://*[@id="su1"] 
[2023-07-11 14:16:14] [INFO] [Base_Page.py]/[line: 26]/[__init__] 当前页面的driver对象:None 
[2023-07-11 14:16:15] [INFO] [Base_Page.py]/[line: 47]/[__init__] 正在下载webdriver驱动,当前浏览器版本为：114.0.5735 
[2023-07-11 14:16:18] [INFO] [Base_Page.py]/[line: 59]/[__init__] 当前隐式等待10s 
[2023-07-11 14:16:18] [INFO] [Base_Page.py]/[line: 62]/[__init__] 当前窗口最大化 
[2023-07-11 14:16:28] [ERROR] [Base_Page.py]/[line: 85]/[find_ele] 当前元素未找到，定位方式为xpath,元素为://*[@id="su1"] 
[2023-07-11 14:16:39] [ERROR] [Base_Page.py]/[line: 85]/[find_ele] 当前元素未找到，定位方式为xpath,元素为://*[@id="su1"] 
[2023-07-11 14:18:53] [INFO] [Base_Page.py]/[line: 26]/[__init__] 当前页面的driver对象:None 
[2023-07-11 14:18:54] [INFO] [Base_Page.py]/[line: 47]/[__init__] 正在下载webdriver驱动,当前浏览器版本为：114.0.5735 
[2023-07-11 14:18:56] [INFO] [Base_Page.py]/[line: 59]/[__init__] 当前隐式等待10s 
[2023-07-11 14:18:56] [INFO] [Base_Page.py]/[line: 62]/[__init__] 当前窗口最大化 
[2023-07-11 14:19:57] [INFO] [Base_Page.py]/[line: 26]/[__init__] 当前页面的driver对象:None 
[2023-07-11 14:19:57] [INFO] [Base_Page.py]/[line: 47]/[__init__] 正在下载webdriver驱动,当前浏览器版本为：114.0.5735 
[2023-07-11 14:20:00] [INFO] [Base_Page.py]/[line: 59]/[__init__] 当前隐式等待10s 
[2023-07-11 14:20:00] [INFO] [Base_Page.py]/[line: 62]/[__init__] 当前窗口最大化 
[2023-07-11 14:20:09] [INFO] [Base_Page.py]/[line: 26]/[__init__] 当前页面的driver对象:None 
[2023-07-11 14:20:09] [INFO] [Base_Page.py]/[line: 47]/[__init__] 正在下载webdriver驱动,当前浏览器版本为：114.0.5735 
[2023-07-11 14:20:12] [INFO] [Base_Page.py]/[line: 59]/[__init__] 当前隐式等待10s 
[2023-07-11 14:20:12] [INFO] [Base_Page.py]/[line: 62]/[__init__] 当前窗口最大化 
[2023-07-11 14:20:23] [ERROR] [Base_Page.py]/[line: 85]/[find_ele] 当前元素未找到，定位方式为xpath,元素为://*[@id="su1"] 
[2023-07-11 14:20:33] [ERROR] [Base_Page.py]/[line: 85]/[find_ele] 当前元素未找到，定位方式为xpath,元素为://*[@id="su1"] 
[2023-07-11 14:31:34] [INFO] [Base_Page.py]/[line: 25]/[__init__] 当前页面的driver对象:None 
[2023-07-11 14:31:35] [INFO] [Base_Page.py]/[line: 46]/[__init__] 正在下载webdriver驱动,当前浏览器版本为：114.0.5735 
[2023-07-11 14:31:38] [INFO] [Base_Page.py]/[line: 58]/[__init__] 当前隐式等待10s 
[2023-07-11 14:31:38] [INFO] [Base_Page.py]/[line: 61]/[__init__] 当前窗口最大化 
[2023-07-11 14:32:15] [INFO] [Base_Page.py]/[line: 25]/[__init__] 当前页面的driver对象:None 
[2023-07-11 14:32:15] [INFO] [Base_Page.py]/[line: 46]/[__init__] 正在下载webdriver驱动,当前浏览器版本为：114.0.5735 
[2023-07-11 14:32:18] [INFO] [Base_Page.py]/[line: 58]/[__init__] 当前隐式等待10s 
[2023-07-11 14:32:18] [INFO] [Base_Page.py]/[line: 61]/[__init__] 当前窗口最大化 
[2023-07-11 14:32:29] [ERROR] [Base_Page.py]/[line: 82]/[find_ele] 当前元素未找到，定位方式为xpath,元素为://*[@id="su1"] 
[2023-07-11 14:32:36] [INFO] [Base_Page.py]/[line: 25]/[__init__] 当前页面的driver对象:None 
[2023-07-11 14:32:37] [INFO] [Base_Page.py]/[line: 46]/[__init__] 正在下载webdriver驱动,当前浏览器版本为：114.0.5735 
[2023-07-11 14:32:39] [INFO] [Base_Page.py]/[line: 58]/[__init__] 当前隐式等待10s 
[2023-07-11 14:32:39] [INFO] [Base_Page.py]/[line: 61]/[__init__] 当前窗口最大化 
[2023-07-11 14:45:26] [INFO] [Base_Page.py]/[line: 25]/[__init__] 当前页面的driver对象:None 
[2023-07-11 14:45:27] [INFO] [Base_Page.py]/[line: 46]/[__init__] 正在下载webdriver驱动,当前浏览器版本为：114.0.5735 
[2023-07-11 14:45:30] [INFO] [Base_Page.py]/[line: 58]/[__init__] 当前隐式等待10s 
[2023-07-11 14:45:30] [INFO] [Base_Page.py]/[line: 61]/[__init__] 当前窗口最大化 
[2023-07-11 14:46:00] [INFO] [Base_Page.py]/[line: 25]/[__init__] 当前页面的driver对象:None 
[2023-07-11 14:46:00] [INFO] [Base_Page.py]/[line: 46]/[__init__] 正在下载webdriver驱动,当前浏览器版本为：114.0.5735 
[2023-07-11 14:46:03] [INFO] [Base_Page.py]/[line: 58]/[__init__] 当前隐式等待10s 
[2023-07-11 14:46:03] [INFO] [Base_Page.py]/[line: 61]/[__init__] 当前窗口最大化 
[2023-07-11 14:46:21] [INFO] [Base_Page.py]/[line: 25]/[__init__] 当前页面的driver对象:None 
[2023-07-11 14:46:22] [INFO] [Base_Page.py]/[line: 46]/[__init__] 正在下载webdriver驱动,当前浏览器版本为：114.0.5735 
[2023-07-11 14:46:25] [INFO] [Base_Page.py]/[line: 58]/[__init__] 当前隐式等待10s 
[2023-07-11 14:46:25] [INFO] [Base_Page.py]/[line: 61]/[__init__] 当前窗口最大化 
[2023-07-11 14:47:54] [INFO] [Base_Page.py]/[line: 25]/[__init__] 当前页面的driver对象:None 
[2023-07-11 14:47:54] [INFO] [Base_Page.py]/[line: 46]/[__init__] 正在下载webdriver驱动,当前浏览器版本为：114.0.5735 
[2023-07-11 14:47:57] [INFO] [Base_Page.py]/[line: 58]/[__init__] 当前隐式等待10s 
[2023-07-11 14:47:57] [INFO] [Base_Page.py]/[line: 61]/[__init__] 当前窗口最大化 
[2023-07-11 14:48:10] [ERROR] [Base_Page.py]/[line: 82]/[wait_get_element] 当前元素未找到，定位方式为xpath,元素为://*[@id="kw2"] 
[2023-07-11 14:53:06] [INFO] [Base_Page.py]/[line: 25]/[__init__] 当前页面的driver对象:None 
[2023-07-11 14:53:07] [INFO] [Base_Page.py]/[line: 46]/[__init__] 正在下载webdriver驱动,当前浏览器版本为：114.0.5735 
[2023-07-11 14:53:10] [INFO] [Base_Page.py]/[line: 58]/[__init__] 当前隐式等待10s 
[2023-07-11 14:53:10] [INFO] [Base_Page.py]/[line: 61]/[__init__] 当前窗口最大化 
[2023-07-11 14:53:32] [INFO] [Base_Page.py]/[line: 25]/[__init__] 当前页面的driver对象:None 
[2023-07-11 14:53:33] [INFO] [Base_Page.py]/[line: 46]/[__init__] 正在下载webdriver驱动,当前浏览器版本为：114.0.5735 
[2023-07-11 14:53:36] [INFO] [Base_Page.py]/[line: 58]/[__init__] 当前隐式等待10s 
[2023-07-11 14:53:36] [INFO] [Base_Page.py]/[line: 61]/[__init__] 当前窗口最大化 
[2023-07-11 14:53:49] [ERROR] [Base_Page.py]/[line: 82]/[wait_get_element] 当前元素未找到，定位方式为xpath,元素为://*[@id="kw2"] 
[2023-07-11 14:57:01] [INFO] [Base_Page.py]/[line: 25]/[__init__] 当前页面的driver对象:None 
[2023-07-11 14:57:02] [INFO] [Base_Page.py]/[line: 46]/[__init__] 正在下载webdriver驱动,当前浏览器版本为：114.0.5735 
[2023-07-11 14:57:04] [INFO] [Base_Page.py]/[line: 58]/[__init__] 当前隐式等待10s 
[2023-07-11 14:57:04] [INFO] [Base_Page.py]/[line: 61]/[__init__] 当前窗口最大化 
[2023-07-11 14:57:17] [ERROR] [Base_Page.py]/[line: 82]/[wait_get_element] 当前元素未找到，定位方式为xpath,元素为://*[@id="1su"] 
[2023-07-11 14:57:21] [INFO] [Base_Page.py]/[line: 25]/[__init__] 当前页面的driver对象:None 
[2023-07-11 14:57:22] [INFO] [Base_Page.py]/[line: 46]/[__init__] 正在下载webdriver驱动,当前浏览器版本为：114.0.5735 
[2023-07-11 14:57:24] [INFO] [Base_Page.py]/[line: 58]/[__init__] 当前隐式等待10s 
[2023-07-11 14:57:24] [INFO] [Base_Page.py]/[line: 61]/[__init__] 当前窗口最大化 
[2023-07-11 14:57:37] [ERROR] [Base_Page.py]/[line: 82]/[wait_get_element] 当前元素未找到，定位方式为xpath,元素为://*[@id="1su"] 
[2023-07-11 14:58:56] [INFO] [Base_Page.py]/[line: 25]/[__init__] 当前页面的driver对象:None 
[2023-07-11 14:58:57] [INFO] [Base_Page.py]/[line: 46]/[__init__] 正在下载webdriver驱动,当前浏览器版本为：114.0.5735 
[2023-07-11 14:59:00] [INFO] [Base_Page.py]/[line: 58]/[__init__] 当前隐式等待10s 
[2023-07-11 14:59:00] [INFO] [Base_Page.py]/[line: 61]/[__init__] 当前窗口最大化 
[2023-07-11 14:59:13] [ERROR] [Base_Page.py]/[line: 82]/[wait_get_element] 当前元素未找到，定位方式为xpath,元素为://*[@id="1su"] 
[2023-07-11 14:59:44] [INFO] [Base_Page.py]/[line: 25]/[__init__] 当前页面的driver对象:None 
[2023-07-11 14:59:45] [INFO] [Base_Page.py]/[line: 46]/[__init__] 正在下载webdriver驱动,当前浏览器版本为：114.0.5735 
[2023-07-11 14:59:48] [INFO] [Base_Page.py]/[line: 58]/[__init__] 当前隐式等待10s 
[2023-07-11 14:59:48] [INFO] [Base_Page.py]/[line: 61]/[__init__] 当前窗口最大化 
[2023-07-11 15:00:01] [ERROR] [Base_Page.py]/[line: 82]/[wait_get_element] 当前元素未找到，定位方式为xpath,元素为://*[@id="1su"] 
[2023-07-11 15:01:27] [INFO] [Base_Page.py]/[line: 25]/[__init__] 当前页面的driver对象:None 
[2023-07-11 15:01:28] [INFO] [Base_Page.py]/[line: 46]/[__init__] 正在下载webdriver驱动,当前浏览器版本为：114.0.5735 
[2023-07-11 15:01:30] [INFO] [Base_Page.py]/[line: 58]/[__init__] 当前隐式等待10s 
[2023-07-11 15:01:31] [INFO] [Base_Page.py]/[line: 61]/[__init__] 当前窗口最大化 
[2023-07-11 15:01:42] [ERROR] [Base_Page.py]/[line: 82]/[wait_get_element] 当前元素未找到，定位方式为xpath,元素为://*[@id="1su"] 
[2023-07-11 15:03:34] [INFO] [Base_Page.py]/[line: 25]/[__init__] 当前页面的driver对象:None 
[2023-07-11 15:03:35] [INFO] [Base_Page.py]/[line: 46]/[__init__] 正在下载webdriver驱动,当前浏览器版本为：114.0.5735 
[2023-07-11 15:03:37] [INFO] [Base_Page.py]/[line: 58]/[__init__] 当前隐式等待10s 
[2023-07-11 15:03:37] [INFO] [Base_Page.py]/[line: 61]/[__init__] 当前窗口最大化 
[2023-07-11 15:03:44] [INFO] [Base_Page.py]/[line: 25]/[__init__] 当前页面的driver对象:None 
[2023-07-11 15:03:45] [INFO] [Base_Page.py]/[line: 46]/[__init__] 正在下载webdriver驱动,当前浏览器版本为：114.0.5735 
[2023-07-11 15:03:47] [INFO] [Base_Page.py]/[line: 58]/[__init__] 当前隐式等待10s 
[2023-07-11 15:03:47] [INFO] [Base_Page.py]/[line: 61]/[__init__] 当前窗口最大化 
[2023-07-11 16:10:29] [INFO] [Base_Page.py]/[line: 25]/[__init__] 当前页面的driver对象:None 
[2023-07-11 16:10:30] [INFO] [Base_Page.py]/[line: 46]/[__init__] 正在下载webdriver驱动,当前浏览器版本为：114.0.5735 
[2023-07-11 16:10:33] [INFO] [Base_Page.py]/[line: 58]/[__init__] 当前隐式等待10s 
[2023-07-11 16:10:33] [INFO] [Base_Page.py]/[line: 61]/[__init__] 当前窗口最大化 
[2023-07-11 16:11:06] [INFO] [Base_Page.py]/[line: 25]/[__init__] 当前页面的driver对象:None 
[2023-07-11 16:11:07] [INFO] [Base_Page.py]/[line: 46]/[__init__] 正在下载webdriver驱动,当前浏览器版本为：114.0.5735 
[2023-07-11 16:11:10] [INFO] [Base_Page.py]/[line: 58]/[__init__] 当前隐式等待10s 
[2023-07-11 16:11:10] [INFO] [Base_Page.py]/[line: 61]/[__init__] 当前窗口最大化 
[2023-07-11 16:11:55] [INFO] [Base_Page.py]/[line: 26]/[__init__] 当前页面的driver对象:None 
[2023-07-11 16:11:55] [INFO] [Base_Page.py]/[line: 47]/[__init__] 正在下载webdriver驱动,当前浏览器版本为：114.0.5735 
[2023-07-11 16:11:58] [INFO] [Base_Page.py]/[line: 59]/[__init__] 当前隐式等待10s 
[2023-07-11 16:11:58] [INFO] [Base_Page.py]/[line: 62]/[__init__] 当前窗口最大化 
[2023-07-11 16:13:30] [INFO] [Base_Page.py]/[line: 26]/[__init__] 当前页面的driver对象:None 
[2023-07-11 16:13:31] [INFO] [Base_Page.py]/[line: 47]/[__init__] 正在下载webdriver驱动,当前浏览器版本为：114.0.5735 
[2023-07-11 16:13:34] [INFO] [Base_Page.py]/[line: 59]/[__init__] 当前隐式等待10s 
[2023-07-11 16:13:34] [INFO] [Base_Page.py]/[line: 62]/[__init__] 当前窗口最大化 
[2023-07-11 16:13:35] [INFO] [Base_Page.py]/[line: 163]/[do_ClosePageAndSwitchToHeadle] ['125AF00B6001F915346D45E26A31CF44', '843F56A2269A541590A9120005D75076', '3F4A7E3DB3DC19F56C5F128FB16787F0'] 
[2023-07-11 16:13:35] [INFO] [Base_Page.py]/[line: 166]/[do_ClosePageAndSwitchToHeadle] 当前句柄125AF00B6001F915346D45E26A31CF44 
[2023-07-11 16:14:39] [INFO] [Base_Page.py]/[line: 26]/[__init__] 当前页面的driver对象:None 
[2023-07-11 16:14:40] [INFO] [Base_Page.py]/[line: 47]/[__init__] 正在下载webdriver驱动,当前浏览器版本为：114.0.5735 
[2023-07-11 16:14:43] [INFO] [Base_Page.py]/[line: 59]/[__init__] 当前隐式等待10s 
[2023-07-11 16:14:43] [INFO] [Base_Page.py]/[line: 62]/[__init__] 当前窗口最大化 
[2023-07-11 16:14:43] [INFO] [Base_Page.py]/[line: 163]/[do_ClosePageAndSwitchToHeadle] ['189229738C241E030DDA98BF005A1876', 'FB6540FCCE7B91F219010B9CD8FFC5F3', '5564AF14E30CA00D01CB8AC37B67F5F6'] 
[2023-07-11 16:14:43] [INFO] [Base_Page.py]/[line: 166]/[do_ClosePageAndSwitchToHeadle] 当前句柄189229738C241E030DDA98BF005A1876 
[2023-07-11 16:14:44] [INFO] [Base_Page.py]/[line: 170]/[do_ClosePageAndSwitchToHeadle] 正在切换句柄 
[2023-07-11 16:16:45] [INFO] [Base_Page.py]/[line: 26]/[__init__] 当前页面的driver对象:None 
[2023-07-11 16:16:46] [INFO] [Base_Page.py]/[line: 47]/[__init__] 正在下载webdriver驱动,当前浏览器版本为：114.0.5735 
[2023-07-11 16:16:49] [INFO] [Base_Page.py]/[line: 59]/[__init__] 当前隐式等待10s 
[2023-07-11 16:16:49] [INFO] [Base_Page.py]/[line: 62]/[__init__] 当前窗口最大化 
[2023-07-11 16:16:50] [INFO] [Base_Page.py]/[line: 163]/[do_ClosePageAndSwitchToHeadle] ['3CE12DD3638284920180CDFE848E2606', '6F5252AE9DF5ECE3D0F726A74508B924', '24D1D341D43EE8ECAFEDEB5DEF9B267D'] 
[2023-07-11 16:16:50] [INFO] [Base_Page.py]/[line: 166]/[do_ClosePageAndSwitchToHeadle] 当前句柄3CE12DD3638284920180CDFE848E2606 
[2023-07-11 16:16:50] [INFO] [Base_Page.py]/[line: 170]/[do_ClosePageAndSwitchToHeadle] 正在切换句柄 
[2023-07-11 16:17:34] [INFO] [Base_Page.py]/[line: 26]/[__init__] 当前页面的driver对象:None 
[2023-07-11 16:17:35] [INFO] [Base_Page.py]/[line: 47]/[__init__] 正在下载webdriver驱动,当前浏览器版本为：114.0.5735 
[2023-07-11 16:17:37] [INFO] [Base_Page.py]/[line: 59]/[__init__] 当前隐式等待10s 
[2023-07-11 16:17:37] [INFO] [Base_Page.py]/[line: 62]/[__init__] 当前窗口最大化 
[2023-07-11 16:17:38] [INFO] [Base_Page.py]/[line: 163]/[do_ClosePageAndSwitchToHeadle] ['B5B707D71F67FC65B5E6496579E28217', '932EBAE92C3E3F1CC9BB35BA1FC97B06', '63902067CFEE9ACB31A565824795EF84'] 
[2023-07-11 16:17:38] [INFO] [Base_Page.py]/[line: 166]/[do_ClosePageAndSwitchToHeadle] 当前句柄B5B707D71F67FC65B5E6496579E28217 
[2023-07-11 16:17:38] [INFO] [Base_Page.py]/[line: 170]/[do_ClosePageAndSwitchToHeadle] 正在切换句柄 
[2023-07-11 16:17:38] [INFO] [Base_Page.py]/[line: 166]/[do_ClosePageAndSwitchToHeadle] 当前句柄B5B707D71F67FC65B5E6496579E28217 
[2023-07-11 16:17:39] [INFO] [Base_Page.py]/[line: 170]/[do_ClosePageAndSwitchToHeadle] 正在切换句柄 
[2023-07-11 16:20:34] [INFO] [Base_Page.py]/[line: 26]/[__init__] 当前页面的driver对象:None 
[2023-07-11 16:20:34] [INFO] [Base_Page.py]/[line: 47]/[__init__] 正在下载webdriver驱动,当前浏览器版本为：114.0.5735 
[2023-07-11 16:20:37] [INFO] [Base_Page.py]/[line: 59]/[__init__] 当前隐式等待10s 
[2023-07-11 16:20:37] [INFO] [Base_Page.py]/[line: 62]/[__init__] 当前窗口最大化 
[2023-07-11 16:20:38] [INFO] [Base_Page.py]/[line: 168]/[do_ClosePageAndSwitchToHeadle] 正在切换句柄 
[2023-07-11 16:20:38] [INFO] [Base_Page.py]/[line: 168]/[do_ClosePageAndSwitchToHeadle] 正在切换句柄 
[2023-07-11 16:21:43] [INFO] [Base_Page.py]/[line: 26]/[__init__] 当前页面的driver对象:None 
[2023-07-11 16:21:43] [INFO] [Base_Page.py]/[line: 47]/[__init__] 正在下载webdriver驱动,当前浏览器版本为：114.0.5735 
[2023-07-11 16:21:46] [INFO] [Base_Page.py]/[line: 59]/[__init__] 当前隐式等待10s 
[2023-07-11 16:21:46] [INFO] [Base_Page.py]/[line: 62]/[__init__] 当前窗口最大化 
[2023-07-11 16:22:57] [INFO] [Base_Page.py]/[line: 26]/[__init__] 当前页面的driver对象:None 
[2023-07-11 16:22:58] [INFO] [Base_Page.py]/[line: 47]/[__init__] 正在下载webdriver驱动,当前浏览器版本为：114.0.5735 
[2023-07-11 16:22:59] [INFO] [Base_Page.py]/[line: 26]/[__init__] 当前页面的driver对象:None 
[2023-07-11 16:23:00] [INFO] [Base_Page.py]/[line: 47]/[__init__] 正在下载webdriver驱动,当前浏览器版本为：114.0.5735 
[2023-07-11 16:23:02] [INFO] [Base_Page.py]/[line: 59]/[__init__] 当前隐式等待10s 
[2023-07-11 16:23:03] [INFO] [Base_Page.py]/[line: 62]/[__init__] 当前窗口最大化 
[2023-07-11 16:23:03] [INFO] [Base_Page.py]/[line: 167]/[do_ClosePageAndSwitchToHeadle] 正在切换句柄 
[2023-07-11 16:23:03] [INFO] [Base_Page.py]/[line: 167]/[do_ClosePageAndSwitchToHeadle] 正在切换句柄 
[2023-07-11 16:23:40] [INFO] [Base_Page.py]/[line: 26]/[__init__] 当前页面的driver对象:None 
[2023-07-11 16:23:40] [INFO] [Base_Page.py]/[line: 47]/[__init__] 正在下载webdriver驱动,当前浏览器版本为：114.0.5735 
[2023-07-11 16:23:43] [INFO] [Base_Page.py]/[line: 59]/[__init__] 当前隐式等待10s 
[2023-07-11 16:23:43] [INFO] [Base_Page.py]/[line: 62]/[__init__] 当前窗口最大化 
[2023-07-11 16:23:44] [INFO] [Base_Page.py]/[line: 167]/[do_ClosePageAndSwitchToHeadle] 正在切换句柄 
[2023-07-11 16:23:44] [INFO] [Base_Page.py]/[line: 167]/[do_ClosePageAndSwitchToHeadle] 正在切换句柄 
[2023-07-11 16:23:53] [INFO] [Base_Page.py]/[line: 26]/[__init__] 当前页面的driver对象:None 
[2023-07-11 16:23:53] [INFO] [Base_Page.py]/[line: 47]/[__init__] 正在下载webdriver驱动,当前浏览器版本为：114.0.5735 
[2023-07-11 16:23:56] [INFO] [Base_Page.py]/[line: 59]/[__init__] 当前隐式等待10s 
[2023-07-11 16:23:56] [INFO] [Base_Page.py]/[line: 62]/[__init__] 当前窗口最大化 
[2023-07-11 16:23:57] [INFO] [Base_Page.py]/[line: 167]/[do_ClosePageAndSwitchToHeadle] 正在切换句柄 
[2023-07-11 16:23:57] [INFO] [Base_Page.py]/[line: 167]/[do_ClosePageAndSwitchToHeadle] 正在切换句柄 
[2023-07-11 16:41:33] [INFO] [Base_Page.py]/[line: 26]/[__init__] 当前页面的driver对象:None 
[2023-07-11 16:41:34] [INFO] [Base_Page.py]/[line: 47]/[__init__] 正在下载webdriver驱动,当前浏览器版本为：114.0.5735 
[2023-07-11 16:41:36] [INFO] [Base_Page.py]/[line: 59]/[__init__] 当前隐式等待10s 
[2023-07-11 16:41:37] [INFO] [Base_Page.py]/[line: 62]/[__init__] 当前窗口最大化 
[2023-07-11 16:41:37] [INFO] [Base_Page.py]/[line: 176]/[do_closePageAndSwitchToHeadle] 当前句柄等于列表中第一个句柄，循环关闭页面操作结束 
[2023-07-11 16:41:39] [INFO] [Base_Page.py]/[line: 186]/[do_screenshot] [Base_Page.py]已截屏并保存2023-07-11 16_41_37.png! 
[2023-07-11 16:43:53] [INFO] [Base_Page.py]/[line: 26]/[__init__] 当前页面的driver对象:None 
[2023-07-11 16:43:54] [INFO] [Base_Page.py]/[line: 47]/[__init__] 正在下载webdriver驱动,当前浏览器版本为：114.0.5735 
[2023-07-11 16:43:57] [INFO] [Base_Page.py]/[line: 59]/[__init__] 当前隐式等待10s 
[2023-07-11 16:43:57] [INFO] [Base_Page.py]/[line: 62]/[__init__] 当前窗口最大化 
[2023-07-11 16:43:58] [INFO] [Base_Page.py]/[line: 176]/[do_closePageAndSwitchToHeadle] 当前句柄等于列表中第一个句柄，循环关闭页面操作结束 
[2023-07-11 16:43:59] [INFO] [Base_Page.py]/[line: 185]/[do_screenshot] [Base_Page.py]已截屏并保存2023-07-11 16_43_58.png! 
[2023-07-11 16:45:19] [INFO] [Base_Page.py]/[line: 26]/[__init__] 当前页面的driver对象:None 
[2023-07-11 16:45:19] [INFO] [Base_Page.py]/[line: 47]/[__init__] 正在下载webdriver驱动,当前浏览器版本为：114.0.5735 
[2023-07-11 16:45:22] [INFO] [Base_Page.py]/[line: 59]/[__init__] 当前隐式等待10s 
[2023-07-11 16:45:22] [INFO] [Base_Page.py]/[line: 62]/[__init__] 当前窗口最大化 
[2023-07-11 16:45:23] [INFO] [Base_Page.py]/[line: 176]/[do_closePageAndSwitchToHeadle] 当前句柄等于列表中第一个句柄，循环关闭页面操作结束 
[2023-07-11 16:45:24] [INFO] [Base_Page.py]/[line: 184]/[do_screenshot] [Base_Page.py]已截屏并保存2023-07-11 16_45_23.png! 
[2023-07-11 16:47:23] [INFO] [Base_Page.py]/[line: 26]/[__init__] 当前页面的driver对象:None 
[2023-07-11 16:47:24] [INFO] [Base_Page.py]/[line: 47]/[__init__] 正在下载webdriver驱动,当前浏览器版本为：114.0.5735 
[2023-07-11 16:47:27] [INFO] [Base_Page.py]/[line: 59]/[__init__] 当前隐式等待10s 
[2023-07-11 16:47:27] [INFO] [Base_Page.py]/[line: 62]/[__init__] 当前窗口最大化 
[2023-07-11 16:47:28] [INFO] [Base_Page.py]/[line: 176]/[do_closePageAndSwitchToHeadle] 当前句柄等于列表中第一个句柄，循环关闭页面操作结束 
[2023-07-11 16:48:19] [INFO] [Base_Page.py]/[line: 26]/[__init__] 当前页面的driver对象:None 
[2023-07-11 16:48:20] [INFO] [Base_Page.py]/[line: 47]/[__init__] 正在下载webdriver驱动,当前浏览器版本为：114.0.5735 
[2023-07-11 16:48:23] [INFO] [Base_Page.py]/[line: 59]/[__init__] 当前隐式等待10s 
[2023-07-11 16:48:23] [INFO] [Base_Page.py]/[line: 62]/[__init__] 当前窗口最大化 
[2023-07-11 16:48:24] [INFO] [Base_Page.py]/[line: 176]/[do_closePageAndSwitchToHeadle] 当前句柄等于列表中第一个句柄，循环关闭页面操作结束 
[2023-07-11 16:50:26] [INFO] [Base_Page.py]/[line: 26]/[__init__] 当前页面的driver对象:None 
[2023-07-11 16:50:26] [INFO] [Base_Page.py]/[line: 47]/[__init__] 正在下载webdriver驱动,当前浏览器版本为：114.0.5735 
[2023-07-11 16:50:29] [INFO] [Base_Page.py]/[line: 59]/[__init__] 当前隐式等待10s 
[2023-07-11 16:50:29] [INFO] [Base_Page.py]/[line: 62]/[__init__] 当前窗口最大化 
[2023-07-11 16:50:30] [INFO] [Base_Page.py]/[line: 176]/[do_closePageAndSwitchToHeadle] 当前句柄等于列表中第一个句柄，循环关闭页面操作结束 
[2023-07-11 16:51:10] [INFO] [Base_Page.py]/[line: 26]/[__init__] 当前页面的driver对象:None 
[2023-07-11 16:51:10] [INFO] [Base_Page.py]/[line: 47]/[__init__] 正在下载webdriver驱动,当前浏览器版本为：114.0.5735 
[2023-07-11 16:51:13] [INFO] [Base_Page.py]/[line: 59]/[__init__] 当前隐式等待10s 
[2023-07-11 16:51:13] [INFO] [Base_Page.py]/[line: 62]/[__init__] 当前窗口最大化 
[2023-07-11 16:51:14] [INFO] [Base_Page.py]/[line: 176]/[do_closePageAndSwitchToHeadle] 当前句柄等于列表中第一个句柄，循环关闭页面操作结束 
[2023-07-11 16:51:30] [INFO] [Base_Page.py]/[line: 26]/[__init__] 当前页面的driver对象:None 
[2023-07-11 16:51:30] [INFO] [Base_Page.py]/[line: 47]/[__init__] 正在下载webdriver驱动,当前浏览器版本为：114.0.5735 
[2023-07-11 16:51:33] [INFO] [Base_Page.py]/[line: 59]/[__init__] 当前隐式等待10s 
[2023-07-11 16:51:33] [INFO] [Base_Page.py]/[line: 62]/[__init__] 当前窗口最大化 
[2023-07-11 16:51:34] [INFO] [Base_Page.py]/[line: 176]/[do_closePageAndSwitchToHeadle] 当前句柄等于列表中第一个句柄，循环关闭页面操作结束 
[2023-07-11 16:52:35] [INFO] [Base_Page.py]/[line: 26]/[__init__] 当前页面的driver对象:None 
[2023-07-11 16:52:36] [INFO] [Base_Page.py]/[line: 47]/[__init__] 正在下载webdriver驱动,当前浏览器版本为：114.0.5735 
[2023-07-11 16:52:38] [INFO] [Base_Page.py]/[line: 59]/[__init__] 当前隐式等待10s 
[2023-07-11 16:52:38] [INFO] [Base_Page.py]/[line: 62]/[__init__] 当前窗口最大化 
[2023-07-11 16:52:39] [INFO] [Base_Page.py]/[line: 176]/[do_closePageAndSwitchToHeadle] 当前句柄等于列表中第一个句柄，循环关闭页面操作结束 
[2023-07-11 16:53:20] [INFO] [Base_Page.py]/[line: 26]/[__init__] 当前页面的driver对象:None 
[2023-07-11 16:53:21] [INFO] [Base_Page.py]/[line: 47]/[__init__] 正在下载webdriver驱动,当前浏览器版本为：114.0.5735 
[2023-07-11 16:53:23] [INFO] [Base_Page.py]/[line: 59]/[__init__] 当前隐式等待10s 
[2023-07-11 16:53:23] [INFO] [Base_Page.py]/[line: 62]/[__init__] 当前窗口最大化 
[2023-07-11 16:53:24] [INFO] [Base_Page.py]/[line: 176]/[do_closePageAndSwitchToHeadle] 当前句柄等于列表中第一个句柄，循环关闭页面操作结束 
[2023-07-11 16:55:18] [INFO] [Base_Page.py]/[line: 26]/[__init__] 当前页面的driver对象:None 
[2023-07-11 16:55:19] [INFO] [Base_Page.py]/[line: 47]/[__init__] 正在下载webdriver驱动,当前浏览器版本为：114.0.5735 
[2023-07-11 16:55:21] [INFO] [Base_Page.py]/[line: 59]/[__init__] 当前隐式等待10s 
[2023-07-11 16:55:21] [INFO] [Base_Page.py]/[line: 62]/[__init__] 当前窗口最大化 
[2023-07-11 16:55:22] [INFO] [Base_Page.py]/[line: 176]/[do_closePageAndSwitchToHeadle] 当前句柄等于列表中第一个句柄，循环关闭页面操作结束 
[2023-07-11 16:55:23] [INFO] [Base_Page.py]/[line: 184]/[do_screenshot] 成功截图，截图名称:2023-07-11 16:55:22 
[2023-07-11 16:55:49] [INFO] [Base_Page.py]/[line: 26]/[__init__] 当前页面的driver对象:None 
[2023-07-11 16:55:50] [INFO] [Base_Page.py]/[line: 47]/[__init__] 正在下载webdriver驱动,当前浏览器版本为：114.0.5735 
[2023-07-11 16:55:52] [INFO] [Base_Page.py]/[line: 59]/[__init__] 当前隐式等待10s 
[2023-07-11 16:55:52] [INFO] [Base_Page.py]/[line: 62]/[__init__] 当前窗口最大化 
[2023-07-11 16:55:53] [INFO] [Base_Page.py]/[line: 176]/[do_closePageAndSwitchToHeadle] 当前句柄等于列表中第一个句柄，循环关闭页面操作结束 
[2023-07-11 16:55:54] [INFO] [Base_Page.py]/[line: 184]/[do_screenshot] 成功截图，截图名称:2023-07-11 16:55:53.png 
[2023-07-11 16:56:12] [INFO] [Base_Page.py]/[line: 26]/[__init__] 当前页面的driver对象:None 
[2023-07-11 16:56:13] [INFO] [Base_Page.py]/[line: 47]/[__init__] 正在下载webdriver驱动,当前浏览器版本为：114.0.5735 
[2023-07-11 16:56:16] [INFO] [Base_Page.py]/[line: 59]/[__init__] 当前隐式等待10s 
[2023-07-11 16:56:16] [INFO] [Base_Page.py]/[line: 62]/[__init__] 当前窗口最大化 
[2023-07-11 16:56:17] [INFO] [Base_Page.py]/[line: 176]/[do_closePageAndSwitchToHeadle] 当前句柄等于列表中第一个句柄，循环关闭页面操作结束 
[2023-07-11 16:56:18] [INFO] [Base_Page.py]/[line: 184]/[do_screenshot] 成功截图，截图名称:2023-07-11 16:56:17.png 
[2023-07-11 16:56:53] [INFO] [Base_Page.py]/[line: 26]/[__init__] 当前页面的driver对象:None 
[2023-07-11 16:56:54] [INFO] [Base_Page.py]/[line: 47]/[__init__] 正在下载webdriver驱动,当前浏览器版本为：114.0.5735 
[2023-07-11 16:56:56] [INFO] [Base_Page.py]/[line: 59]/[__init__] 当前隐式等待10s 
[2023-07-11 16:56:56] [INFO] [Base_Page.py]/[line: 62]/[__init__] 当前窗口最大化 
[2023-07-11 16:56:57] [INFO] [Base_Page.py]/[line: 176]/[do_closePageAndSwitchToHeadle] 当前句柄等于列表中第一个句柄，循环关闭页面操作结束 
[2023-07-11 16:56:58] [INFO] [Base_Page.py]/[line: 184]/[do_screenshot] 成功截图，截图名称:2023-07-11 16:56:57.png 
[2023-07-11 16:57:51] [INFO] [Base_Page.py]/[line: 26]/[__init__] 当前页面的driver对象:None 
[2023-07-11 16:57:52] [INFO] [Base_Page.py]/[line: 47]/[__init__] 正在下载webdriver驱动,当前浏览器版本为：114.0.5735 
[2023-07-11 16:57:54] [INFO] [Base_Page.py]/[line: 59]/[__init__] 当前隐式等待10s 
[2023-07-11 16:57:55] [INFO] [Base_Page.py]/[line: 62]/[__init__] 当前窗口最大化 
[2023-07-11 16:57:55] [INFO] [Base_Page.py]/[line: 176]/[do_closePageAndSwitchToHeadle] 当前句柄等于列表中第一个句柄，循环关闭页面操作结束 
[2023-07-11 16:57:57] [INFO] [Base_Page.py]/[line: 185]/[do_screenshot] 成功截图，截图名称:2023-07-11 16:57:55.png 
[2023-07-11 16:58:16] [INFO] [Base_Page.py]/[line: 26]/[__init__] 当前页面的driver对象:None 
[2023-07-11 16:58:16] [INFO] [Base_Page.py]/[line: 47]/[__init__] 正在下载webdriver驱动,当前浏览器版本为：114.0.5735 
[2023-07-11 16:58:19] [INFO] [Base_Page.py]/[line: 59]/[__init__] 当前隐式等待10s 
[2023-07-11 16:58:19] [INFO] [Base_Page.py]/[line: 62]/[__init__] 当前窗口最大化 
[2023-07-11 16:58:20] [INFO] [Base_Page.py]/[line: 176]/[do_closePageAndSwitchToHeadle] 当前句柄等于列表中第一个句柄，循环关闭页面操作结束 
[2023-07-11 16:58:21] [INFO] [Base_Page.py]/[line: 186]/[do_screenshot] 成功截图，截图名称:2023-07-11 16:58:20.png 
[2023-07-11 16:58:45] [INFO] [Base_Page.py]/[line: 26]/[__init__] 当前页面的driver对象:None 
[2023-07-11 16:58:45] [INFO] [Base_Page.py]/[line: 47]/[__init__] 正在下载webdriver驱动,当前浏览器版本为：114.0.5735 
[2023-07-11 16:58:48] [INFO] [Base_Page.py]/[line: 59]/[__init__] 当前隐式等待10s 
[2023-07-11 16:58:48] [INFO] [Base_Page.py]/[line: 62]/[__init__] 当前窗口最大化 
[2023-07-11 16:58:49] [INFO] [Base_Page.py]/[line: 176]/[do_closePageAndSwitchToHeadle] 当前句柄等于列表中第一个句柄，循环关闭页面操作结束 
[2023-07-11 16:58:50] [INFO] [Base_Page.py]/[line: 186]/[do_screenshot] 成功截图，截图名称:2023-07-11.png 
[2023-07-11 16:59:13] [INFO] [Base_Page.py]/[line: 26]/[__init__] 当前页面的driver对象:None 
[2023-07-11 16:59:14] [INFO] [Base_Page.py]/[line: 47]/[__init__] 正在下载webdriver驱动,当前浏览器版本为：114.0.5735 
[2023-07-11 16:59:16] [INFO] [Base_Page.py]/[line: 59]/[__init__] 当前隐式等待10s 
[2023-07-11 16:59:17] [INFO] [Base_Page.py]/[line: 62]/[__init__] 当前窗口最大化 
[2023-07-11 16:59:18] [INFO] [Base_Page.py]/[line: 176]/[do_closePageAndSwitchToHeadle] 当前句柄等于列表中第一个句柄，循环关闭页面操作结束 
[2023-07-11 16:59:19] [INFO] [Base_Page.py]/[line: 185]/[do_screenshot] 成功截图，截图名称:20230711165918.png 
[2023-07-11 17:15:01] [INFO] [Base_Page.py]/[line: 28]/[__init__] 当前页面的driver对象:None 
[2023-07-11 17:15:02] [INFO] [Base_Page.py]/[line: 49]/[__init__] 正在下载webdriver驱动,当前浏览器版本为：114.0.5735 
[2023-07-11 17:15:05] [INFO] [Base_Page.py]/[line: 61]/[__init__] 当前隐式等待10s 
[2023-07-11 17:15:05] [INFO] [Base_Page.py]/[line: 64]/[__init__] 当前窗口最大化 
[2023-07-11 17:15:43] [INFO] [Base_Page.py]/[line: 28]/[__init__] 当前页面的driver对象:None 
[2023-07-11 17:15:44] [INFO] [Base_Page.py]/[line: 49]/[__init__] 正在下载webdriver驱动,当前浏览器版本为：114.0.5735 
[2023-07-11 17:15:46] [INFO] [Base_Page.py]/[line: 61]/[__init__] 当前隐式等待10s 
[2023-07-11 17:15:46] [INFO] [Base_Page.py]/[line: 64]/[__init__] 当前窗口最大化 
[2023-07-11 17:16:46] [INFO] [Base_Page.py]/[line: 28]/[__init__] 当前页面的driver对象:None 
[2023-07-11 17:16:47] [INFO] [Base_Page.py]/[line: 49]/[__init__] 正在下载webdriver驱动,当前浏览器版本为：114.0.5735 
[2023-07-11 17:16:49] [INFO] [Base_Page.py]/[line: 61]/[__init__] 当前隐式等待10s 
[2023-07-11 17:16:50] [INFO] [Base_Page.py]/[line: 64]/[__init__] 当前窗口最大化 
[2023-07-11 17:17:46] [INFO] [Base_Page.py]/[line: 28]/[__init__] 当前页面的driver对象:None 
[2023-07-11 17:17:47] [INFO] [Base_Page.py]/[line: 49]/[__init__] 正在下载webdriver驱动,当前浏览器版本为：114.0.5735 
[2023-07-11 17:17:49] [INFO] [Base_Page.py]/[line: 61]/[__init__] 当前隐式等待10s 
[2023-07-11 17:17:50] [INFO] [Base_Page.py]/[line: 64]/[__init__] 当前窗口最大化 
[2023-07-11 17:18:58] [INFO] [Base_Page.py]/[line: 28]/[__init__] 当前页面的driver对象:None 
[2023-07-11 17:18:59] [INFO] [Base_Page.py]/[line: 49]/[__init__] 正在下载webdriver驱动,当前浏览器版本为：114.0.5735 
[2023-07-11 17:19:02] [INFO] [Base_Page.py]/[line: 61]/[__init__] 当前隐式等待10s 
[2023-07-11 17:19:02] [INFO] [Base_Page.py]/[line: 64]/[__init__] 当前窗口最大化 
[2023-07-11 17:19:50] [INFO] [Base_Page.py]/[line: 28]/[__init__] 当前页面的driver对象:None 
[2023-07-11 17:19:51] [INFO] [Base_Page.py]/[line: 49]/[__init__] 正在下载webdriver驱动,当前浏览器版本为：114.0.5735 
[2023-07-11 17:19:53] [INFO] [Base_Page.py]/[line: 61]/[__init__] 当前隐式等待10s 
[2023-07-11 17:19:53] [INFO] [Base_Page.py]/[line: 64]/[__init__] 当前窗口最大化 
[2023-07-11 17:21:04] [INFO] [Base_Page.py]/[line: 28]/[__init__] 当前页面的driver对象:None 
[2023-07-11 17:21:05] [INFO] [Base_Page.py]/[line: 49]/[__init__] 正在下载webdriver驱动,当前浏览器版本为：114.0.5735 
[2023-07-11 17:21:07] [INFO] [Base_Page.py]/[line: 61]/[__init__] 当前隐式等待10s 
[2023-07-11 17:21:07] [INFO] [Base_Page.py]/[line: 64]/[__init__] 当前窗口最大化 
[2023-07-12 15:51:33] [INFO] [Base_Page.py]/[line: 31]/[__init__] 当前页面的driver对象:None 
[2023-07-12 15:51:34] [INFO] [Base_Page.py]/[line: 52]/[__init__] 正在下载webdriver驱动,当前浏览器版本为：114.0.5735 
[2023-07-12 15:51:39] [INFO] [Base_Page.py]/[line: 64]/[__init__] 当前隐式等待10s 
[2023-07-12 15:51:39] [INFO] [Base_Page.py]/[line: 67]/[__init__] 当前窗口最大化 
[2023-07-12 15:51:40] [INFO] [Base_Page.py]/[line: 204]/[do_closePageAndSwitchToHeadle] 当前句柄等于列表中第一个句柄，循环关闭页面操作结束 
[2023-07-12 15:51:44] [INFO] [Base_Page.py]/[line: 212]/[do_screenshot] 成功截图，截图名称:20230712155133.png 
[2023-07-12 15:53:45] [INFO] [Base_Page.py]/[line: 31]/[__init__] 当前页面的driver对象:None 
[2023-07-12 15:53:46] [INFO] [Base_Page.py]/[line: 52]/[__init__] 正在下载webdriver驱动,当前浏览器版本为：114.0.5735 
[2023-07-12 15:53:53] [INFO] [Base_Page.py]/[line: 64]/[__init__] 当前隐式等待10s 
[2023-07-12 15:53:53] [INFO] [Base_Page.py]/[line: 67]/[__init__] 当前窗口最大化 
[2023-07-12 15:53:54] [INFO] [Base_Page.py]/[line: 204]/[do_closePageAndSwitchToHeadle] 当前句柄等于列表中第一个句柄，循环关闭页面操作结束 
[2023-07-12 15:54:50] [INFO] [Base_Page.py]/[line: 31]/[__init__] 当前页面的driver对象:None 
[2023-07-12 15:54:51] [INFO] [Base_Page.py]/[line: 52]/[__init__] 正在下载webdriver驱动,当前浏览器版本为：114.0.5735 
[2023-07-12 15:54:54] [INFO] [Base_Page.py]/[line: 64]/[__init__] 当前隐式等待10s 
[2023-07-12 15:54:54] [INFO] [Base_Page.py]/[line: 67]/[__init__] 当前窗口最大化 
[2023-07-12 15:54:55] [INFO] [Base_Page.py]/[line: 204]/[do_closePageAndSwitchToHeadle] 当前句柄等于列表中第一个句柄，循环关闭页面操作结束 
[2023-07-12 15:55:36] [INFO] [Base_Page.py]/[line: 31]/[__init__] 当前页面的driver对象:None 
[2023-07-12 15:55:36] [INFO] [Base_Page.py]/[line: 52]/[__init__] 正在下载webdriver驱动,当前浏览器版本为：114.0.5735 
[2023-07-12 15:55:39] [INFO] [Base_Page.py]/[line: 64]/[__init__] 当前隐式等待10s 
[2023-07-12 15:55:39] [INFO] [Base_Page.py]/[line: 67]/[__init__] 当前窗口最大化 
[2023-07-12 15:55:40] [INFO] [Base_Page.py]/[line: 204]/[do_closePageAndSwitchToHeadle] 当前句柄等于列表中第一个句柄，循环关闭页面操作结束 
[2023-07-12 15:56:25] [INFO] [Base_Page.py]/[line: 31]/[__init__] 当前页面的driver对象:None 
[2023-07-12 15:56:26] [INFO] [Base_Page.py]/[line: 52]/[__init__] 正在下载webdriver驱动,当前浏览器版本为：114.0.5735 
[2023-07-12 15:56:29] [INFO] [Base_Page.py]/[line: 64]/[__init__] 当前隐式等待10s 
[2023-07-12 15:56:29] [INFO] [Base_Page.py]/[line: 67]/[__init__] 当前窗口最大化 
[2023-07-12 15:56:30] [INFO] [Base_Page.py]/[line: 204]/[do_closePageAndSwitchToHeadle] 当前句柄等于列表中第一个句柄，循环关闭页面操作结束 
[2023-07-12 15:58:56] [INFO] [Base_Page.py]/[line: 29]/[__init__] 当前页面的driver对象:None 
[2023-07-12 15:58:57] [INFO] [Base_Page.py]/[line: 50]/[__init__] 正在下载webdriver驱动,当前浏览器版本为：114.0.5735 
[2023-07-12 15:58:59] [INFO] [Base_Page.py]/[line: 62]/[__init__] 当前隐式等待10s 
[2023-07-12 15:58:59] [INFO] [Base_Page.py]/[line: 65]/[__init__] 当前窗口最大化 
[2023-07-12 15:59:00] [INFO] [Base_Page.py]/[line: 202]/[do_closePageAndSwitchToHeadle] 当前句柄等于列表中第一个句柄，循环关闭页面操作结束 
[2023-07-12 15:59:46] [INFO] [Base_Page.py]/[line: 29]/[__init__] 当前页面的driver对象:None 
[2023-07-12 15:59:47] [INFO] [Base_Page.py]/[line: 50]/[__init__] 正在下载webdriver驱动,当前浏览器版本为：114.0.5735 
[2023-07-12 15:59:50] [INFO] [Base_Page.py]/[line: 62]/[__init__] 当前隐式等待10s 
[2023-07-12 15:59:50] [INFO] [Base_Page.py]/[line: 65]/[__init__] 当前窗口最大化 
[2023-07-12 15:59:51] [INFO] [Base_Page.py]/[line: 202]/[do_closePageAndSwitchToHeadle] 当前句柄等于列表中第一个句柄，循环关闭页面操作结束 
[2023-07-12 16:02:42] [INFO] [Base_Page.py]/[line: 29]/[__init__] 当前页面的driver对象:None 
[2023-07-12 16:02:43] [INFO] [Base_Page.py]/[line: 50]/[__init__] 正在下载webdriver驱动,当前浏览器版本为：114.0.5735 
[2023-07-12 16:02:45] [INFO] [Base_Page.py]/[line: 62]/[__init__] 当前隐式等待10s 
[2023-07-12 16:02:45] [INFO] [Base_Page.py]/[line: 65]/[__init__] 当前窗口最大化 
[2023-07-12 16:02:46] [INFO] [Base_Page.py]/[line: 202]/[do_closePageAndSwitchToHeadle] 当前句柄等于列表中第一个句柄，循环关闭页面操作结束 
[2023-07-12 16:02:47] [INFO] [Base_Page.py]/[line: 110]/[do_sendKey] 正在输入123 
[2023-07-12 16:03:16] [INFO] [Base_Page.py]/[line: 29]/[__init__] 当前页面的driver对象:None 
[2023-07-12 16:03:17] [INFO] [Base_Page.py]/[line: 50]/[__init__] 正在下载webdriver驱动,当前浏览器版本为：114.0.5735 
[2023-07-12 16:03:19] [INFO] [Base_Page.py]/[line: 62]/[__init__] 当前隐式等待10s 
[2023-07-12 16:03:19] [INFO] [Base_Page.py]/[line: 65]/[__init__] 当前窗口最大化 
[2023-07-12 16:03:20] [INFO] [Base_Page.py]/[line: 202]/[do_closePageAndSwitchToHeadle] 当前句柄等于列表中第一个句柄，循环关闭页面操作结束 
[2023-07-12 16:03:21] [INFO] [Base_Page.py]/[line: 110]/[do_sendKey] 正在输入123 
[2023-07-12 16:03:25] [INFO] [Base_Page.py]/[line: 213]/[do_screenshot] 成功截图，截图名称:20230712160323.png 
[2023-07-12 16:04:10] [INFO] [Base_Page.py]/[line: 29]/[__init__] 当前页面的driver对象:None 
[2023-07-12 16:04:10] [INFO] [Base_Page.py]/[line: 50]/[__init__] 正在下载webdriver驱动,当前浏览器版本为：114.0.5735 
[2023-07-12 16:04:13] [INFO] [Base_Page.py]/[line: 62]/[__init__] 当前隐式等待10s 
[2023-07-12 16:04:13] [INFO] [Base_Page.py]/[line: 65]/[__init__] 当前窗口最大化 
[2023-07-12 16:04:14] [INFO] [Base_Page.py]/[line: 202]/[do_closePageAndSwitchToHeadle] 当前句柄等于列表中第一个句柄，循环关闭页面操作结束 
[2023-07-12 16:04:15] [INFO] [Base_Page.py]/[line: 110]/[do_sendKey] 正在输入123 
[2023-07-12 16:04:19] [INFO] [Base_Page.py]/[line: 214]/[do_screenshot] 成功截图，截图名称:20230712160417.png 
[2023-07-12 16:04:42] [INFO] [Base_Page.py]/[line: 29]/[__init__] 当前页面的driver对象:None 
[2023-07-12 16:04:43] [INFO] [Base_Page.py]/[line: 50]/[__init__] 正在下载webdriver驱动,当前浏览器版本为：114.0.5735 
[2023-07-12 16:04:46] [INFO] [Base_Page.py]/[line: 62]/[__init__] 当前隐式等待10s 
[2023-07-12 16:04:46] [INFO] [Base_Page.py]/[line: 65]/[__init__] 当前窗口最大化 
[2023-07-12 16:04:47] [INFO] [Base_Page.py]/[line: 202]/[do_closePageAndSwitchToHeadle] 当前句柄等于列表中第一个句柄，循环关闭页面操作结束 
[2023-07-12 16:04:48] [INFO] [Base_Page.py]/[line: 110]/[do_sendKey] 正在输入123 
[2023-07-12 16:04:52] [INFO] [Base_Page.py]/[line: 214]/[do_screenshot] 成功截图，截图名称:20230712160450.png 
[2023-07-12 16:05:08] [INFO] [Base_Page.py]/[line: 29]/[__init__] 当前页面的driver对象:None 
[2023-07-12 16:05:08] [INFO] [Base_Page.py]/[line: 50]/[__init__] 正在下载webdriver驱动,当前浏览器版本为：114.0.5735 
[2023-07-12 16:05:11] [INFO] [Base_Page.py]/[line: 62]/[__init__] 当前隐式等待10s 
[2023-07-12 16:05:11] [INFO] [Base_Page.py]/[line: 65]/[__init__] 当前窗口最大化 
[2023-07-12 16:05:12] [INFO] [Base_Page.py]/[line: 202]/[do_closePageAndSwitchToHeadle] 当前句柄等于列表中第一个句柄，循环关闭页面操作结束 
[2023-07-12 16:05:12] [INFO] [Base_Page.py]/[line: 110]/[do_sendKey] 正在输入123 
[2023-07-12 16:05:17] [INFO] [Base_Page.py]/[line: 214]/[do_screenshot] 成功截图，截图名称:20230712160514.png 
[2023-07-12 16:06:10] [INFO] [Base_Page.py]/[line: 29]/[__init__] 当前页面的driver对象:None 
[2023-07-12 16:06:10] [INFO] [Base_Page.py]/[line: 50]/[__init__] 正在下载webdriver驱动,当前浏览器版本为：114.0.5735 
[2023-07-12 16:06:13] [INFO] [Base_Page.py]/[line: 62]/[__init__] 当前隐式等待10s 
[2023-07-12 16:06:13] [INFO] [Base_Page.py]/[line: 65]/[__init__] 当前窗口最大化 
[2023-07-12 16:06:14] [INFO] [Base_Page.py]/[line: 202]/[do_closePageAndSwitchToHeadle] 当前句柄等于列表中第一个句柄，循环关闭页面操作结束 
[2023-07-12 16:06:14] [INFO] [Base_Page.py]/[line: 110]/[do_sendKey] 正在输入123 
[2023-07-12 16:08:20] [INFO] [Base_Page.py]/[line: 29]/[__init__] 当前页面的driver对象:None 
[2023-07-12 16:08:21] [INFO] [Base_Page.py]/[line: 50]/[__init__] 正在下载webdriver驱动,当前浏览器版本为：114.0.5735 
[2023-07-12 16:08:23] [INFO] [Base_Page.py]/[line: 62]/[__init__] 当前隐式等待10s 
[2023-07-12 16:08:23] [INFO] [Base_Page.py]/[line: 65]/[__init__] 当前窗口最大化 
[2023-07-12 16:08:24] [INFO] [Base_Page.py]/[line: 202]/[do_closePageAndSwitchToHeadle] 当前句柄等于列表中第一个句柄，循环关闭页面操作结束 
[2023-07-12 16:08:25] [INFO] [Base_Page.py]/[line: 110]/[do_sendKey] 正在输入123 
[2023-07-12 16:08:30] [INFO] [Base_Page.py]/[line: 214]/[do_screenshot] 成功截图，截图名称:20230712160827.png 
[2023-07-12 16:09:12] [INFO] [Base_Page.py]/[line: 29]/[__init__] 当前页面的driver对象:None 
[2023-07-12 16:09:13] [INFO] [Base_Page.py]/[line: 50]/[__init__] 正在下载webdriver驱动,当前浏览器版本为：114.0.5735 
[2023-07-12 16:09:15] [INFO] [Base_Page.py]/[line: 62]/[__init__] 当前隐式等待10s 
[2023-07-12 16:09:15] [INFO] [Base_Page.py]/[line: 65]/[__init__] 当前窗口最大化 
[2023-07-12 16:09:16] [INFO] [Base_Page.py]/[line: 202]/[do_closePageAndSwitchToHeadle] 当前句柄等于列表中第一个句柄，循环关闭页面操作结束 
[2023-07-12 16:09:17] [INFO] [Base_Page.py]/[line: 110]/[do_sendKey] 正在输入123 
[2023-07-12 16:09:22] [INFO] [Base_Page.py]/[line: 216]/[do_screenshot] 成功截图，截图名称:20230712160919.png 
[2023-07-12 16:09:48] [INFO] [Base_Page.py]/[line: 29]/[__init__] 当前页面的driver对象:None 
[2023-07-12 16:09:49] [INFO] [Base_Page.py]/[line: 50]/[__init__] 正在下载webdriver驱动,当前浏览器版本为：114.0.5735 
[2023-07-12 16:09:56] [INFO] [Base_Page.py]/[line: 62]/[__init__] 当前隐式等待10s 
[2023-07-12 16:09:56] [INFO] [Base_Page.py]/[line: 65]/[__init__] 当前窗口最大化 
[2023-07-12 16:09:57] [INFO] [Base_Page.py]/[line: 202]/[do_closePageAndSwitchToHeadle] 当前句柄等于列表中第一个句柄，循环关闭页面操作结束 
[2023-07-12 16:09:58] [INFO] [Base_Page.py]/[line: 110]/[do_sendKey] 正在输入123 
[2023-07-12 16:10:03] [INFO] [Base_Page.py]/[line: 216]/[do_screenshot] 成功截图，截图名称:20230712161000.png 
[2023-07-12 16:11:42] [INFO] [Base_Page.py]/[line: 29]/[__init__] 当前页面的driver对象:None 
[2023-07-12 16:11:43] [INFO] [Base_Page.py]/[line: 50]/[__init__] 正在下载webdriver驱动,当前浏览器版本为：114.0.5735 
[2023-07-12 16:11:46] [INFO] [Base_Page.py]/[line: 62]/[__init__] 当前隐式等待10s 
[2023-07-12 16:11:46] [INFO] [Base_Page.py]/[line: 65]/[__init__] 当前窗口最大化 
[2023-07-12 16:11:46] [INFO] [Base_Page.py]/[line: 202]/[do_closePageAndSwitchToHeadle] 当前句柄等于列表中第一个句柄，循环关闭页面操作结束 
[2023-07-12 16:11:47] [INFO] [Base_Page.py]/[line: 110]/[do_sendKey] 正在输入123 
[2023-07-12 16:11:52] [INFO] [Base_Page.py]/[line: 216]/[do_screenshot] 成功截图，截图名称:20230712161149.png 
[2023-07-12 16:12:08] [INFO] [Base_Page.py]/[line: 29]/[__init__] 当前页面的driver对象:None 
[2023-07-12 16:12:09] [INFO] [Base_Page.py]/[line: 50]/[__init__] 正在下载webdriver驱动,当前浏览器版本为：114.0.5735 
[2023-07-12 16:12:11] [INFO] [Base_Page.py]/[line: 62]/[__init__] 当前隐式等待10s 
[2023-07-12 16:12:11] [INFO] [Base_Page.py]/[line: 65]/[__init__] 当前窗口最大化 
[2023-07-12 16:12:12] [INFO] [Base_Page.py]/[line: 202]/[do_closePageAndSwitchToHeadle] 当前句柄等于列表中第一个句柄，循环关闭页面操作结束 
[2023-07-12 16:12:13] [INFO] [Base_Page.py]/[line: 110]/[do_sendKey] 正在输入123 
[2023-07-12 16:12:18] [INFO] [Base_Page.py]/[line: 216]/[do_screenshot] 成功截图，截图名称:20230712161215.png 
[2023-07-12 16:16:15] [INFO] [Base_Page.py]/[line: 31]/[__init__] 当前页面的driver对象:None 
[2023-07-12 16:16:16] [INFO] [Base_Page.py]/[line: 52]/[__init__] 正在下载webdriver驱动,当前浏览器版本为：114.0.5735 
[2023-07-12 16:16:19] [INFO] [Base_Page.py]/[line: 64]/[__init__] 当前隐式等待10s 
[2023-07-12 16:16:19] [INFO] [Base_Page.py]/[line: 67]/[__init__] 当前窗口最大化 
[2023-07-12 16:16:20] [INFO] [Base_Page.py]/[line: 204]/[do_closePageAndSwitchToHeadle] 当前句柄等于列表中第一个句柄，循环关闭页面操作结束 
[2023-07-12 16:16:20] [INFO] [Base_Page.py]/[line: 112]/[do_sendKey] 正在输入123 
[2023-07-12 16:16:23] [INFO] [Base_Page.py]/[line: 212]/[do_screenshot] 成功截图，截图名称:20230712161615.png 
[2023-07-12 16:17:52] [INFO] [Base_Page.py]/[line: 31]/[__init__] 当前页面的driver对象:None 
[2023-07-12 16:17:52] [INFO] [Base_Page.py]/[line: 52]/[__init__] 正在下载webdriver驱动,当前浏览器版本为：114.0.5735 
[2023-07-12 16:17:55] [INFO] [Base_Page.py]/[line: 65]/[__init__] 当前隐式等待10s 
[2023-07-12 16:17:55] [INFO] [Base_Page.py]/[line: 68]/[__init__] 当前窗口最大化 
[2023-07-12 16:17:56] [INFO] [Base_Page.py]/[line: 205]/[do_closePageAndSwitchToHeadle] 当前句柄等于列表中第一个句柄，循环关闭页面操作结束 
[2023-07-12 16:17:57] [INFO] [Base_Page.py]/[line: 113]/[do_sendKey] 正在输入123 
[2023-07-12 16:18:00] [INFO] [Base_Page.py]/[line: 213]/[do_screenshot] 成功截图，截图名称:20230712161752.png 
[2023-07-12 16:18:18] [INFO] [Base_Page.py]/[line: 31]/[__init__] 当前页面的driver对象:None 
[2023-07-12 16:18:18] [INFO] [Base_Page.py]/[line: 52]/[__init__] 正在下载webdriver驱动,当前浏览器版本为：114.0.5735 
[2023-07-12 16:18:21] [INFO] [Base_Page.py]/[line: 64]/[__init__] 当前隐式等待10s 
[2023-07-12 16:18:21] [INFO] [Base_Page.py]/[line: 67]/[__init__] 当前窗口最大化 
[2023-07-12 16:18:22] [INFO] [Base_Page.py]/[line: 204]/[do_closePageAndSwitchToHeadle] 当前句柄等于列表中第一个句柄，循环关闭页面操作结束 
[2023-07-12 16:18:22] [INFO] [Base_Page.py]/[line: 112]/[do_sendKey] 正在输入123 
[2023-07-12 16:18:25] [INFO] [Base_Page.py]/[line: 212]/[do_screenshot] 成功截图，截图名称:20230712161818.png 
[2023-07-12 16:19:46] [INFO] [Base_Page.py]/[line: 31]/[__init__] 当前页面的driver对象:None 
[2023-07-12 16:19:46] [INFO] [Base_Page.py]/[line: 59]/[__init__] 当前使用本地驱动,驱动地址为D:\WorkSpace\Zhny/Webdrivers 
[2023-07-12 16:19:52] [INFO] [Base_Page.py]/[line: 64]/[__init__] 当前隐式等待10s 
[2023-07-12 16:19:52] [INFO] [Base_Page.py]/[line: 67]/[__init__] 当前窗口最大化 
[2023-07-12 16:19:53] [INFO] [Base_Page.py]/[line: 204]/[do_closePageAndSwitchToHeadle] 当前句柄等于列表中第一个句柄，循环关闭页面操作结束 
[2023-07-12 16:19:53] [INFO] [Base_Page.py]/[line: 112]/[do_sendKey] 正在输入123 
[2023-07-12 16:19:56] [INFO] [Base_Page.py]/[line: 212]/[do_screenshot] 成功截图，截图名称:20230712161946.png 
[2023-07-12 21:27:34] [INFO] [Base_Page.py]/[line: 32]/[__init__] 当前页面的driver对象:None 
[2023-07-12 21:27:36] [INFO] [Base_Page.py]/[line: 53]/[__init__] 正在下载webdriver驱动,当前浏览器版本为：114.0.5735 
[2023-07-12 21:27:48] [INFO] [Base_Page.py]/[line: 66]/[__init__] 当前隐式等待10s 
[2023-07-12 21:27:48] [INFO] [Base_Page.py]/[line: 69]/[__init__] 当前窗口最大化 
[2023-07-12 21:27:50] [INFO] [Base_Page.py]/[line: 206]/[do_closePageAndSwitchToHeadle] 当前句柄等于列表中第一个句柄，循环关闭页面操作结束 
[2023-07-12 21:27:51] [INFO] [Base_Page.py]/[line: 114]/[do_sendKey] 正在输入123 
[2023-07-12 21:27:54] [INFO] [Base_Page.py]/[line: 214]/[do_screenshot] 成功截图，截图名称:20230712212734.png 
[2023-07-12 21:42:41] [INFO] [Base_Page.py]/[line: 32]/[__init__] 当前页面的driver对象:None 
[2023-07-12 21:42:43] [INFO] [Base_Page.py]/[line: 53]/[__init__] 正在下载webdriver驱动,当前浏览器版本为：114.0.5735 
[2023-07-12 21:44:10] [INFO] [Base_Page.py]/[line: 66]/[__init__] 当前隐式等待10s 
[2023-07-12 21:44:10] [INFO] [Base_Page.py]/[line: 69]/[__init__] 当前窗口最大化 
[2023-07-12 21:44:50] [INFO] [Base_Page.py]/[line: 32]/[__init__] 当前页面的driver对象:None 
[2023-07-12 21:44:52] [INFO] [Base_Page.py]/[line: 53]/[__init__] 正在下载webdriver驱动,当前浏览器版本为：114.0.5735 
[2023-07-12 21:44:57] [INFO] [Base_Page.py]/[line: 66]/[__init__] 当前隐式等待10s 
[2023-07-12 21:44:57] [INFO] [Base_Page.py]/[line: 69]/[__init__] 当前窗口最大化 
[2023-07-12 21:44:59] [INFO] [Base_Page.py]/[line: 32]/[__init__] 当前页面的driver对象:None 
[2023-07-12 21:45:01] [INFO] [Base_Page.py]/[line: 53]/[__init__] 正在下载webdriver驱动,当前浏览器版本为：114.0.5735 
[2023-07-12 21:45:07] [INFO] [Base_Page.py]/[line: 66]/[__init__] 当前隐式等待10s 
[2023-07-12 21:45:07] [INFO] [Base_Page.py]/[line: 69]/[__init__] 当前窗口最大化 
[2023-07-12 21:46:31] [INFO] [Base_Page.py]/[line: 32]/[__init__] 当前页面的driver对象:None 
[2023-07-12 21:46:33] [INFO] [Base_Page.py]/[line: 53]/[__init__] 正在下载webdriver驱动,当前浏览器版本为：114.0.5735 
[2023-07-12 21:46:38] [INFO] [Base_Page.py]/[line: 66]/[__init__] 当前隐式等待10s 
[2023-07-12 21:46:38] [INFO] [Base_Page.py]/[line: 69]/[__init__] 当前窗口最大化 
[2023-07-12 21:47:01] [INFO] [Base_Page.py]/[line: 32]/[__init__] 当前页面的driver对象:None 
[2023-07-12 21:47:03] [INFO] [Base_Page.py]/[line: 53]/[__init__] 正在下载webdriver驱动,当前浏览器版本为：114.0.5735 
[2023-07-12 21:47:08] [INFO] [Base_Page.py]/[line: 66]/[__init__] 当前隐式等待10s 
[2023-07-12 21:47:08] [INFO] [Base_Page.py]/[line: 69]/[__init__] 当前窗口最大化 
[2023-07-12 21:47:11] [INFO] [Base_Page.py]/[line: 32]/[__init__] 当前页面的driver对象:None 
[2023-07-12 21:47:13] [INFO] [Base_Page.py]/[line: 53]/[__init__] 正在下载webdriver驱动,当前浏览器版本为：114.0.5735 
[2023-07-12 21:47:18] [INFO] [Base_Page.py]/[line: 66]/[__init__] 当前隐式等待10s 
[2023-07-12 21:47:18] [INFO] [Base_Page.py]/[line: 69]/[__init__] 当前窗口最大化 
[2023-07-13 20:11:57] [INFO] [Base_Page.py]/[line: 32]/[__init__] 当前页面的driver对象:None 
[2023-07-13 20:12:00] [INFO] [Base_Page.py]/[line: 53]/[__init__] 正在下载webdriver驱动,当前浏览器版本为：114.0.5735 
[2023-07-13 20:12:17] [INFO] [Base_Page.py]/[line: 66]/[__init__] 当前隐式等待10s 
[2023-07-13 20:12:17] [INFO] [Base_Page.py]/[line: 69]/[__init__] 当前窗口最大化 
[2023-07-13 20:12:17] [INFO] [Base_Page.py]/[line: 32]/[__init__] 当前页面的driver对象:None 
[2023-07-13 20:12:19] [INFO] [Base_Page.py]/[line: 53]/[__init__] 正在下载webdriver驱动,当前浏览器版本为：114.0.5735 
[2023-07-13 20:12:25] [INFO] [Base_Page.py]/[line: 66]/[__init__] 当前隐式等待10s 
[2023-07-13 20:12:25] [INFO] [Base_Page.py]/[line: 69]/[__init__] 当前窗口最大化 
[2023-07-13 20:21:57] [INFO] [Base_Page.py]/[line: 32]/[__init__] 当前页面的driver对象:None 
[2023-07-13 20:21:59] [INFO] [Base_Page.py]/[line: 53]/[__init__] 正在下载webdriver驱动,当前浏览器版本为：114.0.5735 
[2023-07-13 20:22:04] [INFO] [Base_Page.py]/[line: 66]/[__init__] 当前隐式等待10s 
[2023-07-13 20:22:04] [INFO] [Base_Page.py]/[line: 69]/[__init__] 当前窗口最大化 
[2023-07-13 20:22:05] [INFO] [Base_Page.py]/[line: 32]/[__init__] 当前页面的driver对象:<selenium.webdriver.chrome.webdriver.WebDriver (session="a277fd21261aeb6b7611e838d2fa9099")> 
[2023-07-13 20:22:05] [INFO] [Base_Page.py]/[line: 72]/[__init__] 当前驱动已存在 
[2023-07-13 20:26:02] [INFO] [Base_Page.py]/[line: 32]/[__init__] 当前页面的driver对象:None 
[2023-07-13 20:26:04] [INFO] [Base_Page.py]/[line: 53]/[__init__] 正在下载webdriver驱动,当前浏览器版本为：114.0.5735 
[2023-07-13 20:26:10] [INFO] [Base_Page.py]/[line: 66]/[__init__] 当前隐式等待10s 
[2023-07-13 20:26:10] [INFO] [Base_Page.py]/[line: 69]/[__init__] 当前窗口最大化 
[2023-07-13 20:26:10] [INFO] [Base_Page.py]/[line: 32]/[__init__] 当前页面的driver对象:<selenium.webdriver.chrome.webdriver.WebDriver (session="cf5e9647d70e72ccaf33087446e744fc")> 
[2023-07-13 20:26:10] [INFO] [Base_Page.py]/[line: 72]/[__init__] 当前驱动已存在 
[2023-07-13 20:26:53] [INFO] [Base_Page.py]/[line: 32]/[__init__] 当前页面的driver对象:None 
[2023-07-13 20:26:55] [INFO] [Base_Page.py]/[line: 53]/[__init__] 正在下载webdriver驱动,当前浏览器版本为：114.0.5735 
[2023-07-13 20:27:01] [INFO] [Base_Page.py]/[line: 66]/[__init__] 当前隐式等待10s 
[2023-07-13 20:27:01] [INFO] [Base_Page.py]/[line: 69]/[__init__] 当前窗口最大化 
[2023-07-13 20:27:01] [INFO] [Base_Page.py]/[line: 32]/[__init__] 当前页面的driver对象:<selenium.webdriver.chrome.webdriver.WebDriver (session="0155a84fb8c2ff069ff1b02db4cfe99f")> 
[2023-07-13 20:27:01] [INFO] [Base_Page.py]/[line: 72]/[__init__] 当前驱动已存在 
[2023-07-13 20:27:25] [INFO] [Base_Page.py]/[line: 32]/[__init__] 当前页面的driver对象:None 
[2023-07-13 20:27:26] [INFO] [Base_Page.py]/[line: 53]/[__init__] 正在下载webdriver驱动,当前浏览器版本为：114.0.5735 
[2023-07-13 20:27:31] [INFO] [Base_Page.py]/[line: 66]/[__init__] 当前隐式等待10s 
[2023-07-13 20:27:32] [INFO] [Base_Page.py]/[line: 69]/[__init__] 当前窗口最大化 
[2023-07-13 20:27:32] [INFO] [Base_Page.py]/[line: 32]/[__init__] 当前页面的driver对象:<selenium.webdriver.chrome.webdriver.WebDriver (session="d93da25fbc3fac28048992fd27a2cdb5")> 
[2023-07-13 20:27:32] [INFO] [Base_Page.py]/[line: 72]/[__init__] 当前驱动已存在 
[2023-07-13 20:27:51] [INFO] [Base_Page.py]/[line: 32]/[__init__] 当前页面的driver对象:None 
[2023-07-13 20:27:53] [INFO] [Base_Page.py]/[line: 53]/[__init__] 正在下载webdriver驱动,当前浏览器版本为：114.0.5735 
[2023-07-13 20:27:58] [INFO] [Base_Page.py]/[line: 66]/[__init__] 当前隐式等待10s 
[2023-07-13 20:27:58] [INFO] [Base_Page.py]/[line: 69]/[__init__] 当前窗口最大化 
[2023-07-13 20:27:59] [INFO] [Base_Page.py]/[line: 32]/[__init__] 当前页面的driver对象:<selenium.webdriver.chrome.webdriver.WebDriver (session="134d4b8fab514c51e30a5f04686ea833")> 
[2023-07-13 20:27:59] [INFO] [Base_Page.py]/[line: 72]/[__init__] 当前驱动已存在 
[2023-07-13 20:29:50] [INFO] [Base_Page.py]/[line: 32]/[__init__] 当前页面的driver对象:None 
[2023-07-13 20:29:51] [INFO] [Base_Page.py]/[line: 53]/[__init__] 正在下载webdriver驱动,当前浏览器版本为：114.0.5735 
[2023-07-13 20:29:57] [INFO] [Base_Page.py]/[line: 66]/[__init__] 当前隐式等待10s 
[2023-07-13 20:29:57] [INFO] [Base_Page.py]/[line: 69]/[__init__] 当前窗口最大化 
[2023-07-13 20:29:57] [INFO] [Base_Page.py]/[line: 32]/[__init__] 当前页面的driver对象:<selenium.webdriver.chrome.webdriver.WebDriver (session="2073e17d4555175f11738f03d341c7b1")> 
[2023-07-13 20:29:57] [INFO] [Base_Page.py]/[line: 72]/[__init__] 当前驱动已存在 
